2025-09-01 21:25:25,843 - core.processing_engine - INFO - 処理開始
2025-09-01 21:25:25,843 - core.processing_engine - INFO - 動画1/6を処理中: VID_20240910_153555_00_226.mp4
2025-09-01 21:25:25,843 - core.video_extractor - INFO - フレーム抽出開始: VID_20240910_153555_00_226.mp4
2025-09-01 21:25:25,938 - core.video_extractor - INFO - フレーム抽出完了: 0枚
2025-09-01 21:25:25,938 - core.processing_engine - INFO - 動画2/6を処理中: VID_20240910_154207_00_227.mp4
2025-09-01 21:25:25,938 - core.video_extractor - INFO - フレーム抽出開始: VID_20240910_154207_00_227.mp4
2025-09-01 21:25:26,096 - core.video_extractor - INFO - フレーム抽出完了: 0枚
2025-09-01 21:25:26,096 - core.processing_engine - INFO - 動画3/6を処理中: VID_20240910_154852_00_228.mp4
2025-09-01 21:25:26,096 - core.video_extractor - INFO - フレーム抽出開始: VID_20240910_154852_00_228.mp4
2025-09-01 21:25:26,256 - core.video_extractor - INFO - フレーム抽出完了: 0枚
2025-09-01 21:25:26,256 - core.processing_engine - INFO - 動画4/6を処理中: VID_20240910_155511_00_229.mp4
2025-09-01 21:25:26,256 - core.video_extractor - INFO - フレーム抽出開始: VID_20240910_155511_00_229.mp4
2025-09-01 21:25:26,429 - core.video_extractor - INFO - フレーム抽出完了: 0枚
2025-09-01 21:25:26,429 - core.processing_engine - INFO - 動画5/6を処理中: VID_20240910_160034_00_230.mp4
2025-09-01 21:25:26,429 - core.video_extractor - INFO - フレーム抽出開始: VID_20240910_160034_00_230.mp4
2025-09-01 21:25:26,604 - core.video_extractor - INFO - フレーム抽出完了: 0枚
2025-09-01 21:25:26,604 - core.processing_engine - INFO - 動画6/6を処理中: VID_20240910_160752_00_231.mp4
2025-09-01 21:25:26,604 - core.video_extractor - INFO - フレーム抽出開始: VID_20240910_160752_00_231.mp4
2025-09-01 21:25:26,761 - core.video_extractor - INFO - フレーム抽出完了: 0枚
2025-09-01 21:25:26,761 - core.processing_engine - INFO - 初期フレーム抽出完了: 0枚
2025-09-01 21:25:26,761 - core.processing_engine - INFO - === アライメント反復 1 開始 ===
2025-09-01 21:25:26,761 - core.realityscan_interface - INFO - RealityScanアライメント開始 - 0枚の画像
2025-09-01 21:25:26,761 - core.processing_engine - ERROR - 処理中にエラー: 'RealityScanInterface' object has no attribute '_has_previous_alignment_data'
