2025-09-01 22:06:15,709 - core.processing_engine - INFO - 処理開始
2025-09-01 22:06:15,709 - core.processing_engine - INFO - 動画1/6を処理中: VID_20240910_153555_00_226.mp4
2025-09-01 22:06:15,709 - core.video_extractor - INFO - フレーム抽出開始: VID_20240910_153555_00_226.mp4
2025-09-01 22:07:34,880 - core.video_extractor - INFO - フレーム抽出完了: 108枚
2025-09-01 22:07:34,880 - core.processing_engine - INFO - 動画2/6を処理中: VID_20240910_154207_00_227.mp4
2025-09-01 22:07:34,880 - core.video_extractor - INFO - フレーム抽出開始: VID_20240910_154207_00_227.mp4
2025-09-01 22:09:04,976 - core.video_extractor - INFO - フレーム抽出完了: 114枚
2025-09-01 22:09:04,992 - core.processing_engine - INFO - 動画3/6を処理中: VID_20240910_154852_00_228.mp4
2025-09-01 22:09:04,992 - core.video_extractor - INFO - フレーム抽出開始: VID_20240910_154852_00_228.mp4
2025-09-01 22:10:29,627 - core.video_extractor - INFO - フレーム抽出完了: 114枚
2025-09-01 22:10:29,627 - core.processing_engine - INFO - 動画4/6を処理中: VID_20240910_155511_00_229.mp4
2025-09-01 22:10:29,627 - core.video_extractor - INFO - フレーム抽出開始: VID_20240910_155511_00_229.mp4
2025-09-01 22:11:53,391 - core.video_extractor - INFO - フレーム抽出完了: 102枚
2025-09-01 22:11:53,397 - core.processing_engine - INFO - 動画5/6を処理中: VID_20240910_160034_00_230.mp4
2025-09-01 22:11:53,397 - core.video_extractor - INFO - フレーム抽出開始: VID_20240910_160034_00_230.mp4
2025-09-01 22:13:25,534 - core.video_extractor - INFO - フレーム抽出完了: 130枚
2025-09-01 22:13:25,534 - core.processing_engine - INFO - 動画6/6を処理中: VID_20240910_160752_00_231.mp4
2025-09-01 22:13:25,534 - core.video_extractor - INFO - フレーム抽出開始: VID_20240910_160752_00_231.mp4
2025-09-01 22:14:43,233 - core.video_extractor - INFO - フレーム抽出完了: 110枚
2025-09-01 22:14:43,239 - core.processing_engine - INFO - 初期フレーム抽出完了: 678枚
2025-09-01 22:14:43,239 - core.processing_engine - INFO - === アライメント反復 1 開始 ===
2025-09-01 22:14:43,239 - core.realityscan_interface - INFO - RealityScanアライメント開始 - 678枚の画像
2025-09-01 22:14:43,264 - core.realityscan_interface - WARNING - RealityScanの実行に失敗しました: 実行ファイルが見つかりません: RealityScan.exe。ダミーの結果を返します。
2025-09-01 22:14:43,264 - core.realityscan_interface - INFO - アライメント完了 - コンポーネント数: 0
2025-09-01 22:14:43,264 - core.processing_engine - INFO - 追加可能な画像がありません
2025-09-01 22:14:43,264 - core.output_generator - INFO - 3DGSデータセット生成開始: C:\Users\yamat\Desktop\tesut7-04\777
2025-09-01 22:14:43,264 - core.output_generator - INFO - COLMAPデータを C:\Users\yamat\Desktop\tesut7-04\777\sparse に生成中... (スキップ)
2025-09-01 22:14:43,264 - core.output_generator - INFO - カメラパラメータCSVを C:\Users\yamat\Desktop\tesut7-04\777 に生成中... (スキップ)
2025-09-01 22:14:43,264 - core.output_generator - INFO - 点群PLYを C:\Users\yamat\Desktop\tesut7-04\777\dense に生成中... (スキップ)
2025-09-01 22:14:43,264 - core.output_generator - INFO - 画像を C:\Users\yamat\Desktop\tesut7-04\777\images に整理中...
2025-09-01 22:14:54,410 - core.output_generator - INFO - 678枚の画像をコピーしました。
2025-09-01 22:14:54,410 - core.output_generator - INFO - メタデータを C:\Users\yamat\Desktop\tesut7-04\777\metadata.json に出力中...
2025-09-01 22:14:54,418 - core.output_generator - INFO - 3DGSデータセット生成完了
2025-09-01 22:14:54,418 - core.processing_engine - INFO - 処理完了
